2025-07-22 23:49:25,759 - INFO - Starting CBT data processing
2025-07-22 23:49:25,759 - INFO - Loaded data from cbt_data\raw_data\government\cci_australia_1753218868.json
2025-07-22 23:49:25,760 - INFO - Loaded data from cbt_data\raw_data\government\nhs_cbt_1753218848.json
2025-07-22 23:49:25,760 - INFO - Loaded data from cbt_data\raw_data\government\nimh_psychotherapy_1753218883.json
2025-07-22 23:49:25,760 - INFO - Loaded 15 raw items
2025-07-22 23:49:25,811 - INFO - Deduplicated 14 -> 12 items
2025-07-22 23:49:25,821 - INFO - Saved processed data: 12 total items
2025-07-22 23:49:25,821 - INFO - Categories: ['psychoeducation', 'cognitive_restructuring', 'relaxation_techniques']
2025-07-22 23:49:25,821 - INFO - Processing completed: 12 unique items
2025-07-22 23:49:26,045 - INFO - Loading faiss with AVX2 support.
2025-07-22 23:49:26,046 - INFO - Could not load library with AVX2 support due to:
ModuleNotFoundError("No module named 'faiss.swigfaiss_avx2'")
2025-07-22 23:49:26,046 - INFO - Loading faiss.
2025-07-22 23:49:26,057 - INFO - Successfully loaded faiss.
2025-07-22 23:49:31,453 - INFO - PyTorch version 2.5.1+cu121 available.
2025-07-22 23:49:32,073 - INFO - Use pytorch device_name: cuda:0
2025-07-22 23:49:32,073 - INFO - Load pretrained SentenceTransformer: all-MiniLM-L6-v2
2025-07-22 23:49:34,493 - INFO - Loaded embedding model: all-MiniLM-L6-v2
2025-07-22 23:49:34,493 - INFO - Starting CBT data vectorization
2025-07-22 23:49:34,501 - INFO - Loaded 12 processed items from cbt_data\raw_data\processed\cbt_processed_20250722_234925.json
2025-07-22 23:49:34,501 - INFO - Prepared 38 text chunks for embedding
2025-07-22 23:49:34,501 - INFO - Creating embeddings for 38 chunks
2025-07-22 23:49:34,668 - INFO - Processed batch 1/2
2025-07-22 23:49:34,688 - INFO - Processed batch 2/2
2025-07-22 23:49:34,688 - INFO - Created embeddings shape: (38, 384)
2025-07-22 23:49:34,691 - INFO - Created FAISS index with 38 vectors
2025-07-22 23:49:34,710 - INFO - Saved index and metadata to cbt_data\embeddings
2025-07-22 23:49:34,710 - INFO - Testing search functionality
2025-07-22 23:49:34,726 - INFO - Query: 'cognitive behavioral therapy for depression' -> 3 results
2025-07-22 23:49:34,735 - INFO - Query: 'anxiety coping strategies' -> 3 results
2025-07-22 23:49:34,742 - INFO - Query: 'thought challenging techniques' -> 3 results
2025-07-22 23:49:34,742 - INFO - Vectorization completed successfully
2025-07-22 23:49:34,752 - INFO - Use pytorch device_name: cuda:0
2025-07-22 23:49:34,752 - INFO - Load pretrained SentenceTransformer: all-MiniLM-L6-v2
2025-07-22 23:49:36,012 - INFO - Loaded CBT embedding model: all-MiniLM-L6-v2
2025-07-22 23:49:36,018 - INFO - Loaded CBT FAISS index with 38 vectors
2025-07-22 23:49:36,024 - INFO - Loaded CBT metadata: 38 items
2025-07-23 00:06:59,663 - INFO - Starting CBT data processing
2025-07-23 00:06:59,663 - INFO - Loaded data from cbt_data\raw_data\government\cci_australia_1753218868.json
2025-07-23 00:06:59,664 - INFO - Loaded data from cbt_data\raw_data\government\nhs_cbt_1753218848.json
2025-07-23 00:06:59,664 - INFO - Loaded data from cbt_data\raw_data\government\nimh_psychotherapy_1753218883.json
2025-07-23 00:06:59,665 - INFO - Loaded 15 raw items
2025-07-23 00:06:59,716 - INFO - Deduplicated 14 -> 12 items
2025-07-23 00:06:59,719 - INFO - Saved processed data: 12 total items
2025-07-23 00:06:59,720 - INFO - Categories: ['psychoeducation', 'cognitive_restructuring', 'relaxation_techniques']
2025-07-23 00:06:59,720 - INFO - Processing completed: 12 unique items
2025-07-23 00:06:59,959 - INFO - Loading faiss with AVX2 support.
2025-07-23 00:06:59,960 - INFO - Could not load library with AVX2 support due to:
ModuleNotFoundError("No module named 'faiss.swigfaiss_avx2'")
2025-07-23 00:06:59,960 - INFO - Loading faiss.
2025-07-23 00:06:59,973 - INFO - Successfully loaded faiss.
2025-07-23 00:07:05,761 - INFO - PyTorch version 2.5.1+cu121 available.
2025-07-23 00:07:06,418 - INFO - Use pytorch device_name: cuda:0
2025-07-23 00:07:06,419 - INFO - Load pretrained SentenceTransformer: all-MiniLM-L6-v2
2025-07-23 00:07:08,957 - INFO - Loaded embedding model: all-MiniLM-L6-v2
2025-07-23 00:07:08,957 - INFO - Starting CBT data vectorization
2025-07-23 00:07:08,965 - INFO - Loaded 12 processed items from cbt_data\raw_data\processed\cbt_processed_20250723_000659.json
2025-07-23 00:07:08,965 - INFO - Prepared 38 text chunks for embedding
2025-07-23 00:07:08,965 - INFO - Creating embeddings for 38 chunks
2025-07-23 00:07:09,183 - INFO - Processed batch 1/2
2025-07-23 00:07:09,207 - INFO - Processed batch 2/2
2025-07-23 00:07:09,207 - INFO - Created embeddings shape: (38, 384)
2025-07-23 00:07:09,211 - INFO - Created FAISS index with 38 vectors
2025-07-23 00:07:09,231 - INFO - Saved index and metadata to cbt_data\embeddings
2025-07-23 00:07:09,231 - INFO - Testing search functionality
2025-07-23 00:07:09,249 - INFO - Query: 'cognitive behavioral therapy for depression' -> 3 results
2025-07-23 00:07:09,257 - INFO - Query: 'anxiety coping strategies' -> 3 results
2025-07-23 00:07:09,265 - INFO - Query: 'thought challenging techniques' -> 3 results
2025-07-23 00:07:09,266 - INFO - Vectorization completed successfully
2025-07-23 00:07:09,275 - INFO - Use pytorch device_name: cuda:0
2025-07-23 00:07:09,276 - INFO - Load pretrained SentenceTransformer: all-MiniLM-L6-v2
2025-07-23 00:07:10,750 - INFO - Loaded CBT embedding model: all-MiniLM-L6-v2
2025-07-23 00:07:10,757 - INFO - Loaded CBT FAISS index with 38 vectors
2025-07-23 00:07:10,764 - INFO - Loaded CBT metadata: 38 items
